Processing card 1(1) , won: []
Total amount of cards: 1
Processing card 2(1) , won: [3, 4, 5, 6, 7, 8, 9, 10, 11, 12]
Total amount of cards: 2
  Adding 1 copies: card 3(1) -> card 3(2)
  Adding 1 copies: card 4(1) -> card 4(2)
  Adding 1 copies: card 5(1) -> card 5(2)
  Adding 1 copies: card 6(1) -> card 6(2)
  Adding 1 copies: card 7(1) -> card 7(2)
  Adding 1 copies: card 8(1) -> card 8(2)
  Adding 1 copies: card 9(1) -> card 9(2)
  Adding 1 copies: card 10(1) -> card 10(2)
  Adding 1 copies: card 11(1) -> card 11(2)
  Adding 1 copies: card 12(1) -> card 12(2)
Processing card 3(2) , won: [4, 5, 6, 7, 8, 9, 10, 11, 12, 13]
Total amount of cards: 4
  Adding 2 copies: card 4(2) -> card 4(4)
  Adding 2 copies: card 5(2) -> card 5(4)
  Adding 2 copies: card 6(2) -> card 6(4)
  Adding 2 copies: card 7(2) -> card 7(4)
  Adding 2 copies: card 8(2) -> card 8(4)
  Adding 2 copies: card 9(2) -> card 9(4)
  Adding 2 copies: card 10(2) -> card 10(4)
  Adding 2 copies: card 11(2) -> card 11(4)
  Adding 2 copies: card 12(2) -> card 12(4)
  Adding 2 copies: card 13(1) -> card 13(3)
Processing card 4(4) , won: [5, 6, 7, 8, 9]
Total amount of cards: 8
  Adding 4 copies: card 5(4) -> card 5(8)
  Adding 4 copies: card 6(4) -> card 6(8)
  Adding 4 copies: card 7(4) -> card 7(8)
  Adding 4 copies: card 8(4) -> card 8(8)
  Adding 4 copies: card 9(4) -> card 9(8)
Processing card 5(8) , won: []
Total amount of cards: 16
Processing card 6(8) , won: [7, 8]
Total amount of cards: 24
  Adding 8 copies: card 7(8) -> card 7(16)
  Adding 8 copies: card 8(8) -> card 8(16)
Processing card 7(16) , won: [8, 9, 10, 11, 12, 13, 14, 15, 16]
Total amount of cards: 40
  Adding 16 copies: card 8(16) -> card 8(32)
  Adding 16 copies: card 9(8) -> card 9(24)
  Adding 16 copies: card 10(4) -> card 10(20)
  Adding 16 copies: card 11(4) -> card 11(20)
  Adding 16 copies: card 12(4) -> card 12(20)
  Adding 16 copies: card 13(3) -> card 13(19)
  Adding 16 copies: card 14(1) -> card 14(17)
  Adding 16 copies: card 15(1) -> card 15(17)
  Adding 16 copies: card 16(1) -> card 16(17)
Processing card 8(32) , won: [9, 10]
Total amount of cards: 72
  Adding 32 copies: card 9(24) -> card 9(56)
  Adding 32 copies: card 10(20) -> card 10(52)
Processing card 9(56) , won: [10, 11, 12, 13, 14, 15, 16, 17, 18, 19]
Total amount of cards: 128
  Adding 56 copies: card 10(52) -> card 10(108)
  Adding 56 copies: card 11(20) -> card 11(76)
  Adding 56 copies: card 12(20) -> card 12(76)
  Adding 56 copies: card 13(19) -> card 13(75)
  Adding 56 copies: card 14(17) -> card 14(73)
  Adding 56 copies: card 15(17) -> card 15(73)
  Adding 56 copies: card 16(17) -> card 16(73)
  Adding 56 copies: card 17(1) -> card 17(57)
  Adding 56 copies: card 18(1) -> card 18(57)
  Adding 56 copies: card 19(1) -> card 19(57)
Processing card 10(108) , won: [11, 12, 13, 14, 15, 16, 17, 18, 19, 20]
Total amount of cards: 236
  Adding 108 copies: card 11(76) -> card 11(184)
  Adding 108 copies: card 12(76) -> card 12(184)
  Adding 108 copies: card 13(75) -> card 13(183)
  Adding 108 copies: card 14(73) -> card 14(181)
  Adding 108 copies: card 15(73) -> card 15(181)
  Adding 108 copies: card 16(73) -> card 16(181)
  Adding 108 copies: card 17(57) -> card 17(165)
  Adding 108 copies: card 18(57) -> card 18(165)
  Adding 108 copies: card 19(57) -> card 19(165)
  Adding 108 copies: card 20(1) -> card 20(109)
Processing card 11(184) , won: [12, 13, 14, 15, 16, 17, 18, 19, 20]
Total amount of cards: 420
  Adding 184 copies: card 12(184) -> card 12(368)
  Adding 184 copies: card 13(183) -> card 13(367)
  Adding 184 copies: card 14(181) -> card 14(365)
  Adding 184 copies: card 15(181) -> card 15(365)
  Adding 184 copies: card 16(181) -> card 16(365)
  Adding 184 copies: card 17(165) -> card 17(349)
  Adding 184 copies: card 18(165) -> card 18(349)
  Adding 184 copies: card 19(165) -> card 19(349)
  Adding 184 copies: card 20(109) -> card 20(293)
Processing card 12(368) , won: [13, 14]
Total amount of cards: 788
  Adding 368 copies: card 13(367) -> card 13(735)
  Adding 368 copies: card 14(365) -> card 14(733)
Processing card 13(735) , won: [14, 15, 16, 17, 18, 19, 20, 21, 22, 23]
Total amount of cards: 1523
  Adding 735 copies: card 14(733) -> card 14(1468)
  Adding 735 copies: card 15(365) -> card 15(1100)
  Adding 735 copies: card 16(365) -> card 16(1100)
  Adding 735 copies: card 17(349) -> card 17(1084)
  Adding 735 copies: card 18(349) -> card 18(1084)
  Adding 735 copies: card 19(349) -> card 19(1084)
  Adding 735 copies: card 20(293) -> card 20(1028)
  Adding 735 copies: card 21(1) -> card 21(736)
  Adding 735 copies: card 22(1) -> card 22(736)
  Adding 735 copies: card 23(1) -> card 23(736)
Processing card 14(1468) , won: []
Total amount of cards: 2991
Processing card 15(1100) , won: [16, 17, 18, 19, 20, 21, 22]
Total amount of cards: 4091
  Adding 1100 copies: card 16(1100) -> card 16(2200)
  Adding 1100 copies: card 17(1084) -> card 17(2184)
  Adding 1100 copies: card 18(1084) -> card 18(2184)
  Adding 1100 copies: card 19(1084) -> card 19(2184)
  Adding 1100 copies: card 20(1028) -> card 20(2128)
  Adding 1100 copies: card 21(736) -> card 21(1836)
  Adding 1100 copies: card 22(736) -> card 22(1836)
Processing card 16(2200) , won: [17, 18, 19]
Total amount of cards: 6291
  Adding 2200 copies: card 17(2184) -> card 17(4384)
  Adding 2200 copies: card 18(2184) -> card 18(4384)
  Adding 2200 copies: card 19(2184) -> card 19(4384)
Processing card 17(4384) , won: [18, 19, 20, 21, 22, 23]
Total amount of cards: 10675
  Adding 4384 copies: card 18(4384) -> card 18(8768)
  Adding 4384 copies: card 19(4384) -> card 19(8768)
  Adding 4384 copies: card 20(2128) -> card 20(6512)
  Adding 4384 copies: card 21(1836) -> card 21(6220)
  Adding 4384 copies: card 22(1836) -> card 22(6220)
  Adding 4384 copies: card 23(736) -> card 23(5120)
Processing card 18(8768) , won: [19, 20, 21, 22, 23, 24]
Total amount of cards: 19443
  Adding 8768 copies: card 19(8768) -> card 19(17536)
  Adding 8768 copies: card 20(6512) -> card 20(15280)
  Adding 8768 copies: card 21(6220) -> card 21(14988)
  Adding 8768 copies: card 22(6220) -> card 22(14988)
  Adding 8768 copies: card 23(5120) -> card 23(13888)
  Adding 8768 copies: card 24(1) -> card 24(8769)
Processing card 19(17536) , won: [20, 21, 22, 23, 24]
Total amount of cards: 36979
  Adding 17536 copies: card 20(15280) -> card 20(32816)
  Adding 17536 copies: card 21(14988) -> card 21(32524)
  Adding 17536 copies: card 22(14988) -> card 22(32524)
  Adding 17536 copies: card 23(13888) -> card 23(31424)
  Adding 17536 copies: card 24(8769) -> card 24(26305)
Processing card 20(32816) , won: [21, 22, 23, 24]
Total amount of cards: 69795
  Adding 32816 copies: card 21(32524) -> card 21(65340)
  Adding 32816 copies: card 22(32524) -> card 22(65340)
  Adding 32816 copies: card 23(31424) -> card 23(64240)
  Adding 32816 copies: card 24(26305) -> card 24(59121)
Processing card 21(65340) , won: [22, 23, 24]
Total amount of cards: 135135
  Adding 65340 copies: card 22(65340) -> card 22(130680)
  Adding 65340 copies: card 23(64240) -> card 23(129580)
  Adding 65340 copies: card 24(59121) -> card 24(124461)
Processing card 22(130680) , won: []
Total amount of cards: 265815
Processing card 23(129580) , won: []
Total amount of cards: 395395
Processing card 24(124461) , won: [25]
Total amount of cards: 519856
  Adding 124461 copies: card 25(1) -> card 25(124462)
Processing card 25(124462) , won: []
Total amount of cards: 644318
Processing card 26(1) , won: [27, 28, 29, 30, 31, 32, 33]
Total amount of cards: 644319
  Adding 1 copies: card 27(1) -> card 27(2)
  Adding 1 copies: card 28(1) -> card 28(2)
  Adding 1 copies: card 29(1) -> card 29(2)
  Adding 1 copies: card 30(1) -> card 30(2)
  Adding 1 copies: card 31(1) -> card 31(2)
  Adding 1 copies: card 32(1) -> card 32(2)
  Adding 1 copies: card 33(1) -> card 33(2)
Processing card 27(2) , won: [28]
Total amount of cards: 644321
  Adding 2 copies: card 28(2) -> card 28(4)
Processing card 28(4) , won: [29, 30, 31, 32, 33, 34, 35]
Total amount of cards: 644325
  Adding 4 copies: card 29(2) -> card 29(6)
  Adding 4 copies: card 30(2) -> card 30(6)
  Adding 4 copies: card 31(2) -> card 31(6)
  Adding 4 copies: card 32(2) -> card 32(6)
  Adding 4 copies: card 33(2) -> card 33(6)
  Adding 4 copies: card 34(1) -> card 34(5)
  Adding 4 copies: card 35(1) -> card 35(5)
Processing card 29(6) , won: [30, 31, 32, 33, 34]
Total amount of cards: 644331
  Adding 6 copies: card 30(6) -> card 30(12)
  Adding 6 copies: card 31(6) -> card 31(12)
  Adding 6 copies: card 32(6) -> card 32(12)
  Adding 6 copies: card 33(6) -> card 33(12)
  Adding 6 copies: card 34(5) -> card 34(11)
Processing card 30(12) , won: [31, 32, 33, 34, 35, 36, 37, 38, 39, 40]
Total amount of cards: 644343
  Adding 12 copies: card 31(12) -> card 31(24)
  Adding 12 copies: card 32(12) -> card 32(24)
  Adding 12 copies: card 33(12) -> card 33(24)
  Adding 12 copies: card 34(11) -> card 34(23)
  Adding 12 copies: card 35(5) -> card 35(17)
  Adding 12 copies: card 36(1) -> card 36(13)
  Adding 12 copies: card 37(1) -> card 37(13)
  Adding 12 copies: card 38(1) -> card 38(13)
  Adding 12 copies: card 39(1) -> card 39(13)
  Adding 12 copies: card 40(1) -> card 40(13)
Processing card 31(24) , won: [32, 33, 34, 35, 36, 37, 38, 39, 40, 41]
Total amount of cards: 644367
  Adding 24 copies: card 32(24) -> card 32(48)
  Adding 24 copies: card 33(24) -> card 33(48)
  Adding 24 copies: card 34(23) -> card 34(47)
  Adding 24 copies: card 35(17) -> card 35(41)
  Adding 24 copies: card 36(13) -> card 36(37)
  Adding 24 copies: card 37(13) -> card 37(37)
  Adding 24 copies: card 38(13) -> card 38(37)
  Adding 24 copies: card 39(13) -> card 39(37)
  Adding 24 copies: card 40(13) -> card 40(37)
  Adding 24 copies: card 41(1) -> card 41(25)
Processing card 32(48) , won: [33, 34, 35, 36, 37, 38, 39]
Total amount of cards: 644415
  Adding 48 copies: card 33(48) -> card 33(96)
  Adding 48 copies: card 34(47) -> card 34(95)
  Adding 48 copies: card 35(41) -> card 35(89)
  Adding 48 copies: card 36(37) -> card 36(85)
  Adding 48 copies: card 37(37) -> card 37(85)
  Adding 48 copies: card 38(37) -> card 38(85)
  Adding 48 copies: card 39(37) -> card 39(85)
Processing card 33(96) , won: [34, 35, 36, 37, 38, 39, 40, 41, 42]
Total amount of cards: 644511
  Adding 96 copies: card 34(95) -> card 34(191)
  Adding 96 copies: card 35(89) -> card 35(185)
  Adding 96 copies: card 36(85) -> card 36(181)
  Adding 96 copies: card 37(85) -> card 37(181)
  Adding 96 copies: card 38(85) -> card 38(181)
  Adding 96 copies: card 39(85) -> card 39(181)
  Adding 96 copies: card 40(37) -> card 40(133)
  Adding 96 copies: card 41(25) -> card 41(121)
  Adding 96 copies: card 42(1) -> card 42(97)
Processing card 34(191) , won: [35, 36, 37, 38]
Total amount of cards: 644702
  Adding 191 copies: card 35(185) -> card 35(376)
  Adding 191 copies: card 36(181) -> card 36(372)
  Adding 191 copies: card 37(181) -> card 37(372)
  Adding 191 copies: card 38(181) -> card 38(372)
Processing card 35(376) , won: [36, 37, 38, 39, 40, 41, 42, 43, 44, 45]
Total amount of cards: 645078
  Adding 376 copies: card 36(372) -> card 36(748)
  Adding 376 copies: card 37(372) -> card 37(748)
  Adding 376 copies: card 38(372) -> card 38(748)
  Adding 376 copies: card 39(181) -> card 39(557)
  Adding 376 copies: card 40(133) -> card 40(509)
  Adding 376 copies: card 41(121) -> card 41(497)
  Adding 376 copies: card 42(97) -> card 42(473)
  Adding 376 copies: card 43(1) -> card 43(377)
  Adding 376 copies: card 44(1) -> card 44(377)
  Adding 376 copies: card 45(1) -> card 45(377)
Processing card 36(748) , won: [37, 38, 39, 40, 41, 42, 43, 44, 45, 46]
Total amount of cards: 645826
  Adding 748 copies: card 37(748) -> card 37(1496)
  Adding 748 copies: card 38(748) -> card 38(1496)
  Adding 748 copies: card 39(557) -> card 39(1305)
  Adding 748 copies: card 40(509) -> card 40(1257)
  Adding 748 copies: card 41(497) -> card 41(1245)
  Adding 748 copies: card 42(473) -> card 42(1221)
  Adding 748 copies: card 43(377) -> card 43(1125)
  Adding 748 copies: card 44(377) -> card 44(1125)
  Adding 748 copies: card 45(377) -> card 45(1125)
  Adding 748 copies: card 46(1) -> card 46(749)
Processing card 37(1496) , won: [38]
Total amount of cards: 647322
  Adding 1496 copies: card 38(1496) -> card 38(2992)
Processing card 38(2992) , won: [39, 40, 41, 42, 43, 44, 45, 46]
Total amount of cards: 650314
  Adding 2992 copies: card 39(1305) -> card 39(4297)
  Adding 2992 copies: card 40(1257) -> card 40(4249)
  Adding 2992 copies: card 41(1245) -> card 41(4237)
  Adding 2992 copies: card 42(1221) -> card 42(4213)
  Adding 2992 copies: card 43(1125) -> card 43(4117)
  Adding 2992 copies: card 44(1125) -> card 44(4117)
  Adding 2992 copies: card 45(1125) -> card 45(4117)
  Adding 2992 copies: card 46(749) -> card 46(3741)
Processing card 39(4297) , won: [40, 41, 42, 43, 44]
Total amount of cards: 654611
  Adding 4297 copies: card 40(4249) -> card 40(8546)
  Adding 4297 copies: card 41(4237) -> card 41(8534)
  Adding 4297 copies: card 42(4213) -> card 42(8510)
  Adding 4297 copies: card 43(4117) -> card 43(8414)
  Adding 4297 copies: card 44(4117) -> card 44(8414)
Processing card 40(8546) , won: [41, 42]
Total amount of cards: 663157
  Adding 8546 copies: card 41(8534) -> card 41(17080)
  Adding 8546 copies: card 42(8510) -> card 42(17056)
Processing card 41(17080) , won: []
Total amount of cards: 680237
Processing card 42(17056) , won: [43]
Total amount of cards: 697293
  Adding 17056 copies: card 43(8414) -> card 43(25470)
Processing card 43(25470) , won: [44]
Total amount of cards: 722763
  Adding 25470 copies: card 44(8414) -> card 44(33884)
Processing card 44(33884) , won: [45]
Total amount of cards: 756647
  Adding 33884 copies: card 45(4117) -> card 45(38001)
Processing card 45(38001) , won: []
Total amount of cards: 794648
Processing card 46(3741) , won: [47]
Total amount of cards: 798389
  Adding 3741 copies: card 47(1) -> card 47(3742)
Processing card 47(3742) , won: []
Total amount of cards: 802131
Processing card 48(1) , won: [49, 50, 51, 52, 53, 54, 55, 56, 57, 58]
Total amount of cards: 802132
  Adding 1 copies: card 49(1) -> card 49(2)
  Adding 1 copies: card 50(1) -> card 50(2)
  Adding 1 copies: card 51(1) -> card 51(2)
  Adding 1 copies: card 52(1) -> card 52(2)
  Adding 1 copies: card 53(1) -> card 53(2)
  Adding 1 copies: card 54(1) -> card 54(2)
  Adding 1 copies: card 55(1) -> card 55(2)
  Adding 1 copies: card 56(1) -> card 56(2)
  Adding 1 copies: card 57(1) -> card 57(2)
  Adding 1 copies: card 58(1) -> card 58(2)
Processing card 49(2) , won: [50, 51, 52, 53, 54, 55, 56, 57, 58, 59]
Total amount of cards: 802134
  Adding 2 copies: card 50(2) -> card 50(4)
  Adding 2 copies: card 51(2) -> card 51(4)
  Adding 2 copies: card 52(2) -> card 52(4)
  Adding 2 copies: card 53(2) -> card 53(4)
  Adding 2 copies: card 54(2) -> card 54(4)
  Adding 2 copies: card 55(2) -> card 55(4)
  Adding 2 copies: card 56(2) -> card 56(4)
  Adding 2 copies: card 57(2) -> card 57(4)
  Adding 2 copies: card 58(2) -> card 58(4)
  Adding 2 copies: card 59(1) -> card 59(3)
Processing card 50(4) , won: [51, 52, 53, 54, 55, 56, 57, 58, 59, 60]
Total amount of cards: 802138
  Adding 4 copies: card 51(4) -> card 51(8)
  Adding 4 copies: card 52(4) -> card 52(8)
  Adding 4 copies: card 53(4) -> card 53(8)
  Adding 4 copies: card 54(4) -> card 54(8)
  Adding 4 copies: card 55(4) -> card 55(8)
  Adding 4 copies: card 56(4) -> card 56(8)
  Adding 4 copies: card 57(4) -> card 57(8)
  Adding 4 copies: card 58(4) -> card 58(8)
  Adding 4 copies: card 59(3) -> card 59(7)
  Adding 4 copies: card 60(1) -> card 60(5)
Processing card 51(8) , won: [52, 53, 54, 55, 56, 57, 58, 59, 60, 61]
Total amount of cards: 802146
  Adding 8 copies: card 52(8) -> card 52(16)
  Adding 8 copies: card 53(8) -> card 53(16)
  Adding 8 copies: card 54(8) -> card 54(16)
  Adding 8 copies: card 55(8) -> card 55(16)
  Adding 8 copies: card 56(8) -> card 56(16)
  Adding 8 copies: card 57(8) -> card 57(16)
  Adding 8 copies: card 58(8) -> card 58(16)
  Adding 8 copies: card 59(7) -> card 59(15)
  Adding 8 copies: card 60(5) -> card 60(13)
  Adding 8 copies: card 61(1) -> card 61(9)
Processing card 52(16) , won: [53, 54]
Total amount of cards: 802162
  Adding 16 copies: card 53(16) -> card 53(32)
  Adding 16 copies: card 54(16) -> card 54(32)
Processing card 53(32) , won: [54, 55, 56, 57, 58, 59, 60, 61, 62]
Total amount of cards: 802194
  Adding 32 copies: card 54(32) -> card 54(64)
  Adding 32 copies: card 55(16) -> card 55(48)
  Adding 32 copies: card 56(16) -> card 56(48)
  Adding 32 copies: card 57(16) -> card 57(48)
  Adding 32 copies: card 58(16) -> card 58(48)
  Adding 32 copies: card 59(15) -> card 59(47)
  Adding 32 copies: card 60(13) -> card 60(45)
  Adding 32 copies: card 61(9) -> card 61(41)
  Adding 32 copies: card 62(1) -> card 62(33)
Processing card 54(64) , won: [55, 56]
Total amount of cards: 802258
  Adding 64 copies: card 55(48) -> card 55(112)
  Adding 64 copies: card 56(48) -> card 56(112)
Processing card 55(112) , won: [56, 57, 58]
Total amount of cards: 802370
  Adding 112 copies: card 56(112) -> card 56(224)
  Adding 112 copies: card 57(48) -> card 57(160)
  Adding 112 copies: card 58(48) -> card 58(160)
Processing card 56(224) , won: [57, 58, 59, 60, 61, 62]
Total amount of cards: 802594
  Adding 224 copies: card 57(160) -> card 57(384)
  Adding 224 copies: card 58(160) -> card 58(384)
  Adding 224 copies: card 59(47) -> card 59(271)
  Adding 224 copies: card 60(45) -> card 60(269)
  Adding 224 copies: card 61(41) -> card 61(265)
  Adding 224 copies: card 62(33) -> card 62(257)
Processing card 57(384) , won: [58, 59, 60, 61, 62, 63, 64]
Total amount of cards: 802978
  Adding 384 copies: card 58(384) -> card 58(768)
  Adding 384 copies: card 59(271) -> card 59(655)
  Adding 384 copies: card 60(269) -> card 60(653)
  Adding 384 copies: card 61(265) -> card 61(649)
  Adding 384 copies: card 62(257) -> card 62(641)
  Adding 384 copies: card 63(1) -> card 63(385)
  Adding 384 copies: card 64(1) -> card 64(385)
Processing card 58(768) , won: [59, 60, 61, 62, 63, 64, 65]
Total amount of cards: 803746
  Adding 768 copies: card 59(655) -> card 59(1423)
  Adding 768 copies: card 60(653) -> card 60(1421)
  Adding 768 copies: card 61(649) -> card 61(1417)
  Adding 768 copies: card 62(641) -> card 62(1409)
  Adding 768 copies: card 63(385) -> card 63(1153)
  Adding 768 copies: card 64(385) -> card 64(1153)
  Adding 768 copies: card 65(1) -> card 65(769)
Processing card 59(1423) , won: [60, 61]
Total amount of cards: 805169
  Adding 1423 copies: card 60(1421) -> card 60(2844)
  Adding 1423 copies: card 61(1417) -> card 61(2840)
Processing card 60(2844) , won: [61, 62, 63]
Total amount of cards: 808013
  Adding 2844 copies: card 61(2840) -> card 61(5684)
  Adding 2844 copies: card 62(1409) -> card 62(4253)
  Adding 2844 copies: card 63(1153) -> card 63(3997)
Processing card 61(5684) , won: [62, 63]
Total amount of cards: 813697
  Adding 5684 copies: card 62(4253) -> card 62(9937)
  Adding 5684 copies: card 63(3997) -> card 63(9681)
Processing card 62(9937) , won: [63]
Total amount of cards: 823634
  Adding 9937 copies: card 63(9681) -> card 63(19618)
Processing card 63(19618) , won: []
Total amount of cards: 843252
Processing card 64(1153) , won: []
Total amount of cards: 844405
Processing card 65(769) , won: []
Total amount of cards: 845174
Processing card 66(1) , won: [67, 68, 69, 70, 71]
Total amount of cards: 845175
  Adding 1 copies: card 67(1) -> card 67(2)
  Adding 1 copies: card 68(1) -> card 68(2)
  Adding 1 copies: card 69(1) -> card 69(2)
  Adding 1 copies: card 70(1) -> card 70(2)
  Adding 1 copies: card 71(1) -> card 71(2)
Processing card 67(2) , won: [68, 69, 70, 71, 72, 73, 74]
Total amount of cards: 845177
  Adding 2 copies: card 68(2) -> card 68(4)
  Adding 2 copies: card 69(2) -> card 69(4)
  Adding 2 copies: card 70(2) -> card 70(4)
  Adding 2 copies: card 71(2) -> card 71(4)
  Adding 2 copies: card 72(1) -> card 72(3)
  Adding 2 copies: card 73(1) -> card 73(3)
  Adding 2 copies: card 74(1) -> card 74(3)
Processing card 68(4) , won: [69]
Total amount of cards: 845181
  Adding 4 copies: card 69(4) -> card 69(8)
Processing card 69(8) , won: []
Total amount of cards: 845189
Processing card 70(4) , won: [71, 72, 73]
Total amount of cards: 845193
  Adding 4 copies: card 71(4) -> card 71(8)
  Adding 4 copies: card 72(3) -> card 72(7)
  Adding 4 copies: card 73(3) -> card 73(7)
Processing card 71(8) , won: [72, 73, 74, 75, 76, 77]
Total amount of cards: 845201
  Adding 8 copies: card 72(7) -> card 72(15)
  Adding 8 copies: card 73(7) -> card 73(15)
  Adding 8 copies: card 74(3) -> card 74(11)
  Adding 8 copies: card 75(1) -> card 75(9)
  Adding 8 copies: card 76(1) -> card 76(9)
  Adding 8 copies: card 77(1) -> card 77(9)
Processing card 72(15) , won: [73, 74, 75, 76, 77, 78]
Total amount of cards: 845216
  Adding 15 copies: card 73(15) -> card 73(30)
  Adding 15 copies: card 74(11) -> card 74(26)
  Adding 15 copies: card 75(9) -> card 75(24)
  Adding 15 copies: card 76(9) -> card 76(24)
  Adding 15 copies: card 77(9) -> card 77(24)
  Adding 15 copies: card 78(1) -> card 78(16)
Processing card 73(30) , won: [74, 75]
Total amount of cards: 845246
  Adding 30 copies: card 74(26) -> card 74(56)
  Adding 30 copies: card 75(24) -> card 75(54)
Processing card 74(56) , won: [75, 76]
Total amount of cards: 845302
  Adding 56 copies: card 75(54) -> card 75(110)
  Adding 56 copies: card 76(24) -> card 76(80)
Processing card 75(110) , won: [76, 77, 78, 79]
Total amount of cards: 845412
  Adding 110 copies: card 76(80) -> card 76(190)
  Adding 110 copies: card 77(24) -> card 77(134)
  Adding 110 copies: card 78(16) -> card 78(126)
  Adding 110 copies: card 79(1) -> card 79(111)
Processing card 76(190) , won: [77, 78, 79, 80]
Total amount of cards: 845602
  Adding 190 copies: card 77(134) -> card 77(324)
  Adding 190 copies: card 78(126) -> card 78(316)
  Adding 190 copies: card 79(111) -> card 79(301)
  Adding 190 copies: card 80(1) -> card 80(191)
Processing card 77(324) , won: []
Total amount of cards: 845926
Processing card 78(316) , won: []
Total amount of cards: 846242
Processing card 79(301) , won: []
Total amount of cards: 846543
Processing card 80(191) , won: []
Total amount of cards: 846734
Processing card 81(1) , won: [82, 83, 84, 85, 86, 87, 88, 89, 90, 91]
Total amount of cards: 846735
  Adding 1 copies: card 82(1) -> card 82(2)
  Adding 1 copies: card 83(1) -> card 83(2)
  Adding 1 copies: card 84(1) -> card 84(2)
  Adding 1 copies: card 85(1) -> card 85(2)
  Adding 1 copies: card 86(1) -> card 86(2)
  Adding 1 copies: card 87(1) -> card 87(2)
  Adding 1 copies: card 88(1) -> card 88(2)
  Adding 1 copies: card 89(1) -> card 89(2)
  Adding 1 copies: card 90(1) -> card 90(2)
  Adding 1 copies: card 91(1) -> card 91(2)
Processing card 82(2) , won: [83, 84, 85, 86, 87, 88, 89, 90, 91, 92]
Total amount of cards: 846737
  Adding 2 copies: card 83(2) -> card 83(4)
  Adding 2 copies: card 84(2) -> card 84(4)
  Adding 2 copies: card 85(2) -> card 85(4)
  Adding 2 copies: card 86(2) -> card 86(4)
  Adding 2 copies: card 87(2) -> card 87(4)
  Adding 2 copies: card 88(2) -> card 88(4)
  Adding 2 copies: card 89(2) -> card 89(4)
  Adding 2 copies: card 90(2) -> card 90(4)
  Adding 2 copies: card 91(2) -> card 91(4)
  Adding 2 copies: card 92(1) -> card 92(3)
Processing card 83(4) , won: [84]
Total amount of cards: 846741
  Adding 4 copies: card 84(4) -> card 84(8)
Processing card 84(8) , won: [85, 86, 87, 88, 89, 90, 91, 92, 93, 94]
Total amount of cards: 846749
  Adding 8 copies: card 85(4) -> card 85(12)
  Adding 8 copies: card 86(4) -> card 86(12)
  Adding 8 copies: card 87(4) -> card 87(12)
  Adding 8 copies: card 88(4) -> card 88(12)
  Adding 8 copies: card 89(4) -> card 89(12)
  Adding 8 copies: card 90(4) -> card 90(12)
  Adding 8 copies: card 91(4) -> card 91(12)
  Adding 8 copies: card 92(3) -> card 92(11)
  Adding 8 copies: card 93(1) -> card 93(9)
  Adding 8 copies: card 94(1) -> card 94(9)
Processing card 85(12) , won: []
Total amount of cards: 846761
Processing card 86(12) , won: []
Total amount of cards: 846773
Processing card 87(12) , won: []
Total amount of cards: 846785
Processing card 88(12) , won: []
Total amount of cards: 846797
Processing card 89(12) , won: [90, 91, 92, 93, 94]
Total amount of cards: 846809
  Adding 12 copies: card 90(12) -> card 90(24)
  Adding 12 copies: card 91(12) -> card 91(24)
  Adding 12 copies: card 92(11) -> card 92(23)
  Adding 12 copies: card 93(9) -> card 93(21)
  Adding 12 copies: card 94(9) -> card 94(21)
Processing card 90(24) , won: [91, 92, 93, 94, 95]
Total amount of cards: 846833
  Adding 24 copies: card 91(24) -> card 91(48)
  Adding 24 copies: card 92(23) -> card 92(47)
  Adding 24 copies: card 93(21) -> card 93(45)
  Adding 24 copies: card 94(21) -> card 94(45)
  Adding 24 copies: card 95(1) -> card 95(25)
Processing card 91(48) , won: [92]
Total amount of cards: 846881
  Adding 48 copies: card 92(47) -> card 92(95)
Processing card 92(95) , won: [93, 94, 95]
Total amount of cards: 846976
  Adding 95 copies: card 93(45) -> card 93(140)
  Adding 95 copies: card 94(45) -> card 94(140)
  Adding 95 copies: card 95(25) -> card 95(120)
Processing card 93(140) , won: [94, 95, 96, 97, 98]
Total amount of cards: 847116
  Adding 140 copies: card 94(140) -> card 94(280)
  Adding 140 copies: card 95(120) -> card 95(260)
  Adding 140 copies: card 96(1) -> card 96(141)
  Adding 140 copies: card 97(1) -> card 97(141)
  Adding 140 copies: card 98(1) -> card 98(141)
Processing card 94(280) , won: []
Total amount of cards: 847396
Processing card 95(260) , won: [96, 97]
Total amount of cards: 847656
  Adding 260 copies: card 96(141) -> card 96(401)
  Adding 260 copies: card 97(141) -> card 97(401)
Processing card 96(401) , won: [97, 98]
Total amount of cards: 848057
  Adding 401 copies: card 97(401) -> card 97(802)
  Adding 401 copies: card 98(141) -> card 98(542)
Processing card 97(802) , won: []
Total amount of cards: 848859
Processing card 98(542) , won: []
Total amount of cards: 849401
Processing card 99(1) , won: [100, 101, 102, 103, 104, 105, 106, 107, 108, 109]
Total amount of cards: 849402
  Adding 1 copies: card 100(1) -> card 100(2)
  Adding 1 copies: card 101(1) -> card 101(2)
  Adding 1 copies: card 102(1) -> card 102(2)
  Adding 1 copies: card 103(1) -> card 103(2)
  Adding 1 copies: card 104(1) -> card 104(2)
  Adding 1 copies: card 105(1) -> card 105(2)
  Adding 1 copies: card 106(1) -> card 106(2)
  Adding 1 copies: card 107(1) -> card 107(2)
  Adding 1 copies: card 108(1) -> card 108(2)
  Adding 1 copies: card 109(1) -> card 109(2)
Processing card 100(2) , won: [101, 102, 103, 104, 105, 106, 107, 108, 109, 110]
Total amount of cards: 849404
  Adding 2 copies: card 101(2) -> card 101(4)
  Adding 2 copies: card 102(2) -> card 102(4)
  Adding 2 copies: card 103(2) -> card 103(4)
  Adding 2 copies: card 104(2) -> card 104(4)
  Adding 2 copies: card 105(2) -> card 105(4)
  Adding 2 copies: card 106(2) -> card 106(4)
  Adding 2 copies: card 107(2) -> card 107(4)
  Adding 2 copies: card 108(2) -> card 108(4)
  Adding 2 copies: card 109(2) -> card 109(4)
  Adding 2 copies: card 110(1) -> card 110(3)
Processing card 101(4) , won: []
Total amount of cards: 849408
Processing card 102(4) , won: [103, 104, 105, 106, 107, 108, 109, 110, 111]
Total amount of cards: 849412
  Adding 4 copies: card 103(4) -> card 103(8)
  Adding 4 copies: card 104(4) -> card 104(8)
  Adding 4 copies: card 105(4) -> card 105(8)
  Adding 4 copies: card 106(4) -> card 106(8)
  Adding 4 copies: card 107(4) -> card 107(8)
  Adding 4 copies: card 108(4) -> card 108(8)
  Adding 4 copies: card 109(4) -> card 109(8)
  Adding 4 copies: card 110(3) -> card 110(7)
  Adding 4 copies: card 111(1) -> card 111(5)
Processing card 103(8) , won: [104, 105, 106, 107, 108]
Total amount of cards: 849420
  Adding 8 copies: card 104(8) -> card 104(16)
  Adding 8 copies: card 105(8) -> card 105(16)
  Adding 8 copies: card 106(8) -> card 106(16)
  Adding 8 copies: card 107(8) -> card 107(16)
  Adding 8 copies: card 108(8) -> card 108(16)
Processing card 104(16) , won: [105, 106, 107, 108, 109, 110, 111, 112, 113, 114]
Total amount of cards: 849436
  Adding 16 copies: card 105(16) -> card 105(32)
  Adding 16 copies: card 106(16) -> card 106(32)
  Adding 16 copies: card 107(16) -> card 107(32)
  Adding 16 copies: card 108(16) -> card 108(32)
  Adding 16 copies: card 109(8) -> card 109(24)
  Adding 16 copies: card 110(7) -> card 110(23)
  Adding 16 copies: card 111(5) -> card 111(21)
  Adding 16 copies: card 112(1) -> card 112(17)
  Adding 16 copies: card 113(1) -> card 113(17)
  Adding 16 copies: card 114(1) -> card 114(17)
Processing card 105(32) , won: [106, 107, 108, 109, 110]
Total amount of cards: 849468
  Adding 32 copies: card 106(32) -> card 106(64)
  Adding 32 copies: card 107(32) -> card 107(64)
  Adding 32 copies: card 108(32) -> card 108(64)
  Adding 32 copies: card 109(24) -> card 109(56)
  Adding 32 copies: card 110(23) -> card 110(55)
Processing card 106(64) , won: [107, 108, 109, 110, 111, 112, 113, 114]
Total amount of cards: 849532
  Adding 64 copies: card 107(64) -> card 107(128)
  Adding 64 copies: card 108(64) -> card 108(128)
  Adding 64 copies: card 109(56) -> card 109(120)
  Adding 64 copies: card 110(55) -> card 110(119)
  Adding 64 copies: card 111(21) -> card 111(85)
  Adding 64 copies: card 112(17) -> card 112(81)
  Adding 64 copies: card 113(17) -> card 113(81)
  Adding 64 copies: card 114(17) -> card 114(81)
Processing card 107(128) , won: [108, 109, 110]
Total amount of cards: 849660
  Adding 128 copies: card 108(128) -> card 108(256)
  Adding 128 copies: card 109(120) -> card 109(248)
  Adding 128 copies: card 110(119) -> card 110(247)
Processing card 108(256) , won: [109, 110, 111, 112, 113, 114, 115]
Total amount of cards: 849916
  Adding 256 copies: card 109(248) -> card 109(504)
  Adding 256 copies: card 110(247) -> card 110(503)
  Adding 256 copies: card 111(85) -> card 111(341)
  Adding 256 copies: card 112(81) -> card 112(337)
  Adding 256 copies: card 113(81) -> card 113(337)
  Adding 256 copies: card 114(81) -> card 114(337)
  Adding 256 copies: card 115(1) -> card 115(257)
Processing card 109(504) , won: [110, 111, 112, 113, 114]
Total amount of cards: 850420
  Adding 504 copies: card 110(503) -> card 110(1007)
  Adding 504 copies: card 111(341) -> card 111(845)
  Adding 504 copies: card 112(337) -> card 112(841)
  Adding 504 copies: card 113(337) -> card 113(841)
  Adding 504 copies: card 114(337) -> card 114(841)
Processing card 110(1007) , won: [111, 112, 113, 114, 115, 116, 117]
Total amount of cards: 851427
  Adding 1007 copies: card 111(845) -> card 111(1852)
  Adding 1007 copies: card 112(841) -> card 112(1848)
  Adding 1007 copies: card 113(841) -> card 113(1848)
  Adding 1007 copies: card 114(841) -> card 114(1848)
  Adding 1007 copies: card 115(257) -> card 115(1264)
  Adding 1007 copies: card 116(1) -> card 116(1008)
  Adding 1007 copies: card 117(1) -> card 117(1008)
Processing card 111(1852) , won: [112, 113, 114, 115, 116]
Total amount of cards: 853279
  Adding 1852 copies: card 112(1848) -> card 112(3700)
  Adding 1852 copies: card 113(1848) -> card 113(3700)
  Adding 1852 copies: card 114(1848) -> card 114(3700)
  Adding 1852 copies: card 115(1264) -> card 115(3116)
  Adding 1852 copies: card 116(1008) -> card 116(2860)
Processing card 112(3700) , won: [113, 114, 115, 116, 117]
Total amount of cards: 856979
  Adding 3700 copies: card 113(3700) -> card 113(7400)
  Adding 3700 copies: card 114(3700) -> card 114(7400)
  Adding 3700 copies: card 115(3116) -> card 115(6816)
  Adding 3700 copies: card 116(2860) -> card 116(6560)
  Adding 3700 copies: card 117(1008) -> card 117(4708)
Processing card 113(7400) , won: [114, 115, 116, 117, 118, 119, 120, 121]
Total amount of cards: 864379
  Adding 7400 copies: card 114(7400) -> card 114(14800)
  Adding 7400 copies: card 115(6816) -> card 115(14216)
  Adding 7400 copies: card 116(6560) -> card 116(13960)
  Adding 7400 copies: card 117(4708) -> card 117(12108)
  Adding 7400 copies: card 118(1) -> card 118(7401)
  Adding 7400 copies: card 119(1) -> card 119(7401)
  Adding 7400 copies: card 120(1) -> card 120(7401)
  Adding 7400 copies: card 121(1) -> card 121(7401)
Processing card 114(14800) , won: [115, 116, 117, 118]
Total amount of cards: 879179
  Adding 14800 copies: card 115(14216) -> card 115(29016)
  Adding 14800 copies: card 116(13960) -> card 116(28760)
  Adding 14800 copies: card 117(12108) -> card 117(26908)
  Adding 14800 copies: card 118(7401) -> card 118(22201)
Processing card 115(29016) , won: [116, 117, 118, 119]
Total amount of cards: 908195
  Adding 29016 copies: card 116(28760) -> card 116(57776)
  Adding 29016 copies: card 117(26908) -> card 117(55924)
  Adding 29016 copies: card 118(22201) -> card 118(51217)
  Adding 29016 copies: card 119(7401) -> card 119(36417)
Processing card 116(57776) , won: [117, 118]
Total amount of cards: 965971
  Adding 57776 copies: card 117(55924) -> card 117(113700)
  Adding 57776 copies: card 118(51217) -> card 118(108993)
Processing card 117(113700) , won: [118, 119]
Total amount of cards: 1079671
  Adding 113700 copies: card 118(108993) -> card 118(222693)
  Adding 113700 copies: card 119(36417) -> card 119(150117)
Processing card 118(222693) , won: [119, 120]
Total amount of cards: 1302364
  Adding 222693 copies: card 119(150117) -> card 119(372810)
  Adding 222693 copies: card 120(7401) -> card 120(230094)
Processing card 119(372810) , won: [120, 121]
Total amount of cards: 1675174
  Adding 372810 copies: card 120(230094) -> card 120(602904)
  Adding 372810 copies: card 121(7401) -> card 121(380211)
Processing card 120(602904) , won: []
Total amount of cards: 2278078
Processing card 121(380211) , won: []
Total amount of cards: 2658289
Processing card 122(1) , won: []
Total amount of cards: 2658290
Processing card 123(1) , won: [124, 125, 126, 127, 128]
Total amount of cards: 2658291
  Adding 1 copies: card 124(1) -> card 124(2)
  Adding 1 copies: card 125(1) -> card 125(2)
  Adding 1 copies: card 126(1) -> card 126(2)
  Adding 1 copies: card 127(1) -> card 127(2)
  Adding 1 copies: card 128(1) -> card 128(2)
Processing card 124(2) , won: []
Total amount of cards: 2658293
Processing card 125(2) , won: [126, 127, 128, 129, 130, 131, 132, 133, 134, 135]
Total amount of cards: 2658295
  Adding 2 copies: card 126(2) -> card 126(4)
  Adding 2 copies: card 127(2) -> card 127(4)
  Adding 2 copies: card 128(2) -> card 128(4)
  Adding 2 copies: card 129(1) -> card 129(3)
  Adding 2 copies: card 130(1) -> card 130(3)
  Adding 2 copies: card 131(1) -> card 131(3)
  Adding 2 copies: card 132(1) -> card 132(3)
  Adding 2 copies: card 133(1) -> card 133(3)
  Adding 2 copies: card 134(1) -> card 134(3)
  Adding 2 copies: card 135(1) -> card 135(3)
Processing card 126(4) , won: []
Total amount of cards: 2658299
Processing card 127(4) , won: [128, 129, 130, 131, 132, 133]
Total amount of cards: 2658303
  Adding 4 copies: card 128(4) -> card 128(8)
  Adding 4 copies: card 129(3) -> card 129(7)
  Adding 4 copies: card 130(3) -> card 130(7)
  Adding 4 copies: card 131(3) -> card 131(7)
  Adding 4 copies: card 132(3) -> card 132(7)
  Adding 4 copies: card 133(3) -> card 133(7)
Processing card 128(8) , won: [129]
Total amount of cards: 2658311
  Adding 8 copies: card 129(7) -> card 129(15)
Processing card 129(15) , won: [130, 131, 132]
Total amount of cards: 2658326
  Adding 15 copies: card 130(7) -> card 130(22)
  Adding 15 copies: card 131(7) -> card 131(22)
  Adding 15 copies: card 132(7) -> card 132(22)
Processing card 130(22) , won: [131, 132, 133, 134, 135, 136, 137, 138, 139]
Total amount of cards: 2658348
  Adding 22 copies: card 131(22) -> card 131(44)
  Adding 22 copies: card 132(22) -> card 132(44)
  Adding 22 copies: card 133(7) -> card 133(29)
  Adding 22 copies: card 134(3) -> card 134(25)
  Adding 22 copies: card 135(3) -> card 135(25)
  Adding 22 copies: card 136(1) -> card 136(23)
  Adding 22 copies: card 137(1) -> card 137(23)
  Adding 22 copies: card 138(1) -> card 138(23)
  Adding 22 copies: card 139(1) -> card 139(23)
Processing card 131(44) , won: [132]
Total amount of cards: 2658392
  Adding 44 copies: card 132(44) -> card 132(88)
Processing card 132(88) , won: [133, 134, 135, 136, 137]
Total amount of cards: 2658480
  Adding 88 copies: card 133(29) -> card 133(117)
  Adding 88 copies: card 134(25) -> card 134(113)
  Adding 88 copies: card 135(25) -> card 135(113)
  Adding 88 copies: card 136(23) -> card 136(111)
  Adding 88 copies: card 137(23) -> card 137(111)
Processing card 133(117) , won: [134]
Total amount of cards: 2658597
  Adding 117 copies: card 134(113) -> card 134(230)
Processing card 134(230) , won: [135, 136, 137, 138, 139, 140, 141]
Total amount of cards: 2658827
  Adding 230 copies: card 135(113) -> card 135(343)
  Adding 230 copies: card 136(111) -> card 136(341)
  Adding 230 copies: card 137(111) -> card 137(341)
  Adding 230 copies: card 138(23) -> card 138(253)
  Adding 230 copies: card 139(23) -> card 139(253)
  Adding 230 copies: card 140(1) -> card 140(231)
  Adding 230 copies: card 141(1) -> card 141(231)
Processing card 135(343) , won: [136, 137, 138, 139, 140, 141]
Total amount of cards: 2659170
  Adding 343 copies: card 136(341) -> card 136(684)
  Adding 343 copies: card 137(341) -> card 137(684)
  Adding 343 copies: card 138(253) -> card 138(596)
  Adding 343 copies: card 139(253) -> card 139(596)
  Adding 343 copies: card 140(231) -> card 140(574)
  Adding 343 copies: card 141(231) -> card 141(574)
Processing card 136(684) , won: []
Total amount of cards: 2659854
Processing card 137(684) , won: [138, 139, 140, 141]
Total amount of cards: 2660538
  Adding 684 copies: card 138(596) -> card 138(1280)
  Adding 684 copies: card 139(596) -> card 139(1280)
  Adding 684 copies: card 140(574) -> card 140(1258)
  Adding 684 copies: card 141(574) -> card 141(1258)
Processing card 138(1280) , won: [139, 140]
Total amount of cards: 2661818
  Adding 1280 copies: card 139(1280) -> card 139(2560)
  Adding 1280 copies: card 140(1258) -> card 140(2538)
Processing card 139(2560) , won: [140, 141, 142]
Total amount of cards: 2664378
  Adding 2560 copies: card 140(2538) -> card 140(5098)
  Adding 2560 copies: card 141(1258) -> card 141(3818)
  Adding 2560 copies: card 142(1) -> card 142(2561)
Processing card 140(5098) , won: []
Total amount of cards: 2669476
Processing card 141(3818) , won: [142]
Total amount of cards: 2673294
  Adding 3818 copies: card 142(2561) -> card 142(6379)
Processing card 142(6379) , won: []
Total amount of cards: 2679673
Processing card 143(1) , won: [144, 145, 146]
Total amount of cards: 2679674
  Adding 1 copies: card 144(1) -> card 144(2)
  Adding 1 copies: card 145(1) -> card 145(2)
  Adding 1 copies: card 146(1) -> card 146(2)
Processing card 144(2) , won: [145, 146, 147, 148, 149, 150, 151, 152, 153, 154]
Total amount of cards: 2679676
  Adding 2 copies: card 145(2) -> card 145(4)
  Adding 2 copies: card 146(2) -> card 146(4)
  Adding 2 copies: card 147(1) -> card 147(3)
  Adding 2 copies: card 148(1) -> card 148(3)
  Adding 2 copies: card 149(1) -> card 149(3)
  Adding 2 copies: card 150(1) -> card 150(3)
  Adding 2 copies: card 151(1) -> card 151(3)
  Adding 2 copies: card 152(1) -> card 152(3)
  Adding 2 copies: card 153(1) -> card 153(3)
  Adding 2 copies: card 154(1) -> card 154(3)
Processing card 145(4) , won: [146, 147, 148, 149, 150, 151, 152, 153, 154]
Total amount of cards: 2679680
  Adding 4 copies: card 146(4) -> card 146(8)
  Adding 4 copies: card 147(3) -> card 147(7)
  Adding 4 copies: card 148(3) -> card 148(7)
  Adding 4 copies: card 149(3) -> card 149(7)
  Adding 4 copies: card 150(3) -> card 150(7)
  Adding 4 copies: card 151(3) -> card 151(7)
  Adding 4 copies: card 152(3) -> card 152(7)
  Adding 4 copies: card 153(3) -> card 153(7)
  Adding 4 copies: card 154(3) -> card 154(7)
Processing card 146(8) , won: [147, 148, 149, 150, 151, 152, 153]
Total amount of cards: 2679688
  Adding 8 copies: card 147(7) -> card 147(15)
  Adding 8 copies: card 148(7) -> card 148(15)
  Adding 8 copies: card 149(7) -> card 149(15)
  Adding 8 copies: card 150(7) -> card 150(15)
  Adding 8 copies: card 151(7) -> card 151(15)
  Adding 8 copies: card 152(7) -> card 152(15)
  Adding 8 copies: card 153(7) -> card 153(15)
Processing card 147(15) , won: []
Total amount of cards: 2679703
Processing card 148(15) , won: [149, 150, 151, 152]
Total amount of cards: 2679718
  Adding 15 copies: card 149(15) -> card 149(30)
  Adding 15 copies: card 150(15) -> card 150(30)
  Adding 15 copies: card 151(15) -> card 151(30)
  Adding 15 copies: card 152(15) -> card 152(30)
Processing card 149(30) , won: [150, 151, 152, 153]
Total amount of cards: 2679748
  Adding 30 copies: card 150(30) -> card 150(60)
  Adding 30 copies: card 151(30) -> card 151(60)
  Adding 30 copies: card 152(30) -> card 152(60)
  Adding 30 copies: card 153(15) -> card 153(45)
Processing card 150(60) , won: [151, 152, 153, 154, 155, 156, 157, 158]
Total amount of cards: 2679808
  Adding 60 copies: card 151(60) -> card 151(120)
  Adding 60 copies: card 152(60) -> card 152(120)
  Adding 60 copies: card 153(45) -> card 153(105)
  Adding 60 copies: card 154(7) -> card 154(67)
  Adding 60 copies: card 155(1) -> card 155(61)
  Adding 60 copies: card 156(1) -> card 156(61)
  Adding 60 copies: card 157(1) -> card 157(61)
  Adding 60 copies: card 158(1) -> card 158(61)
Processing card 151(120) , won: [152, 153, 154, 155, 156, 157, 158, 159, 160, 161]
Total amount of cards: 2679928
  Adding 120 copies: card 152(120) -> card 152(240)
  Adding 120 copies: card 153(105) -> card 153(225)
  Adding 120 copies: card 154(67) -> card 154(187)
  Adding 120 copies: card 155(61) -> card 155(181)
  Adding 120 copies: card 156(61) -> card 156(181)
  Adding 120 copies: card 157(61) -> card 157(181)
  Adding 120 copies: card 158(61) -> card 158(181)
  Adding 120 copies: card 159(1) -> card 159(121)
  Adding 120 copies: card 160(1) -> card 160(121)
  Adding 120 copies: card 161(1) -> card 161(121)
Processing card 152(240) , won: [153, 154, 155, 156, 157, 158, 159, 160, 161, 162]
Total amount of cards: 2680168
  Adding 240 copies: card 153(225) -> card 153(465)
  Adding 240 copies: card 154(187) -> card 154(427)
  Adding 240 copies: card 155(181) -> card 155(421)
  Adding 240 copies: card 156(181) -> card 156(421)
  Adding 240 copies: card 157(181) -> card 157(421)
  Adding 240 copies: card 158(181) -> card 158(421)
  Adding 240 copies: card 159(121) -> card 159(361)
  Adding 240 copies: card 160(121) -> card 160(361)
  Adding 240 copies: card 161(121) -> card 161(361)
  Adding 240 copies: card 162(1) -> card 162(241)
Processing card 153(465) , won: [154, 155, 156, 157, 158, 159, 160, 161]
Total amount of cards: 2680633
  Adding 465 copies: card 154(427) -> card 154(892)
  Adding 465 copies: card 155(421) -> card 155(886)
  Adding 465 copies: card 156(421) -> card 156(886)
  Adding 465 copies: card 157(421) -> card 157(886)
  Adding 465 copies: card 158(421) -> card 158(886)
  Adding 465 copies: card 159(361) -> card 159(826)
  Adding 465 copies: card 160(361) -> card 160(826)
  Adding 465 copies: card 161(361) -> card 161(826)
Processing card 154(892) , won: [155]
Total amount of cards: 2681525
  Adding 892 copies: card 155(886) -> card 155(1778)
Processing card 155(1778) , won: [156, 157, 158]
Total amount of cards: 2683303
  Adding 1778 copies: card 156(886) -> card 156(2664)
  Adding 1778 copies: card 157(886) -> card 157(2664)
  Adding 1778 copies: card 158(886) -> card 158(2664)
Processing card 156(2664) , won: [157, 158, 159, 160, 161, 162, 163, 164]
Total amount of cards: 2685967
  Adding 2664 copies: card 157(2664) -> card 157(5328)
  Adding 2664 copies: card 158(2664) -> card 158(5328)
  Adding 2664 copies: card 159(826) -> card 159(3490)
  Adding 2664 copies: card 160(826) -> card 160(3490)
  Adding 2664 copies: card 161(826) -> card 161(3490)
  Adding 2664 copies: card 162(241) -> card 162(2905)
  Adding 2664 copies: card 163(1) -> card 163(2665)
  Adding 2664 copies: card 164(1) -> card 164(2665)
Processing card 157(5328) , won: [158, 159, 160, 161, 162, 163]
Total amount of cards: 2691295
  Adding 5328 copies: card 158(5328) -> card 158(10656)
  Adding 5328 copies: card 159(3490) -> card 159(8818)
  Adding 5328 copies: card 160(3490) -> card 160(8818)
  Adding 5328 copies: card 161(3490) -> card 161(8818)
  Adding 5328 copies: card 162(2905) -> card 162(8233)
  Adding 5328 copies: card 163(2665) -> card 163(7993)
Processing card 158(10656) , won: [159, 160, 161, 162, 163, 164]
Total amount of cards: 2701951
  Adding 10656 copies: card 159(8818) -> card 159(19474)
  Adding 10656 copies: card 160(8818) -> card 160(19474)
  Adding 10656 copies: card 161(8818) -> card 161(19474)
  Adding 10656 copies: card 162(8233) -> card 162(18889)
  Adding 10656 copies: card 163(7993) -> card 163(18649)
  Adding 10656 copies: card 164(2665) -> card 164(13321)
Processing card 159(19474) , won: [160, 161, 162]
Total amount of cards: 2721425
  Adding 19474 copies: card 160(19474) -> card 160(38948)
  Adding 19474 copies: card 161(19474) -> card 161(38948)
  Adding 19474 copies: card 162(18889) -> card 162(38363)
Processing card 160(38948) , won: [161, 162, 163, 164]
Total amount of cards: 2760373
  Adding 38948 copies: card 161(38948) -> card 161(77896)
  Adding 38948 copies: card 162(38363) -> card 162(77311)
  Adding 38948 copies: card 163(18649) -> card 163(57597)
  Adding 38948 copies: card 164(13321) -> card 164(52269)
Processing card 161(77896) , won: []
Total amount of cards: 2838269
Processing card 162(77311) , won: []
Total amount of cards: 2915580
Processing card 163(57597) , won: [164]
Total amount of cards: 2973177
  Adding 57597 copies: card 164(52269) -> card 164(109866)
Processing card 164(109866) , won: []
Total amount of cards: 3083043
Processing card 165(1) , won: [166, 167, 168, 169, 170, 171, 172, 173, 174, 175]
Total amount of cards: 3083044
  Adding 1 copies: card 166(1) -> card 166(2)
  Adding 1 copies: card 167(1) -> card 167(2)
  Adding 1 copies: card 168(1) -> card 168(2)
  Adding 1 copies: card 169(1) -> card 169(2)
  Adding 1 copies: card 170(1) -> card 170(2)
  Adding 1 copies: card 171(1) -> card 171(2)
  Adding 1 copies: card 172(1) -> card 172(2)
  Adding 1 copies: card 173(1) -> card 173(2)
  Adding 1 copies: card 174(1) -> card 174(2)
  Adding 1 copies: card 175(1) -> card 175(2)
Processing card 166(2) , won: [167, 168, 169, 170, 171, 172, 173, 174, 175, 176]
Total amount of cards: 3083046
  Adding 2 copies: card 167(2) -> card 167(4)
  Adding 2 copies: card 168(2) -> card 168(4)
  Adding 2 copies: card 169(2) -> card 169(4)
  Adding 2 copies: card 170(2) -> card 170(4)
  Adding 2 copies: card 171(2) -> card 171(4)
  Adding 2 copies: card 172(2) -> card 172(4)
  Adding 2 copies: card 173(2) -> card 173(4)
  Adding 2 copies: card 174(2) -> card 174(4)
  Adding 2 copies: card 175(2) -> card 175(4)
  Adding 2 copies: card 176(1) -> card 176(3)
Processing card 167(4) , won: [168, 169, 170, 171, 172, 173, 174, 175, 176, 177]
Total amount of cards: 3083050
  Adding 4 copies: card 168(4) -> card 168(8)
  Adding 4 copies: card 169(4) -> card 169(8)
  Adding 4 copies: card 170(4) -> card 170(8)
  Adding 4 copies: card 171(4) -> card 171(8)
  Adding 4 copies: card 172(4) -> card 172(8)
  Adding 4 copies: card 173(4) -> card 173(8)
  Adding 4 copies: card 174(4) -> card 174(8)
  Adding 4 copies: card 175(4) -> card 175(8)
  Adding 4 copies: card 176(3) -> card 176(7)
  Adding 4 copies: card 177(1) -> card 177(5)
Processing card 168(8) , won: [169]
Total amount of cards: 3083058
  Adding 8 copies: card 169(8) -> card 169(16)
Processing card 169(16) , won: [170, 171, 172, 173, 174, 175, 176, 177, 178, 179]
Total amount of cards: 3083074
  Adding 16 copies: card 170(8) -> card 170(24)
  Adding 16 copies: card 171(8) -> card 171(24)
  Adding 16 copies: card 172(8) -> card 172(24)
  Adding 16 copies: card 173(8) -> card 173(24)
  Adding 16 copies: card 174(8) -> card 174(24)
  Adding 16 copies: card 175(8) -> card 175(24)
  Adding 16 copies: card 176(7) -> card 176(23)
  Adding 16 copies: card 177(5) -> card 177(21)
  Adding 16 copies: card 178(1) -> card 178(17)
  Adding 16 copies: card 179(1) -> card 179(17)
Processing card 170(24) , won: [171, 172, 173, 174, 175, 176]
Total amount of cards: 3083098
  Adding 24 copies: card 171(24) -> card 171(48)
  Adding 24 copies: card 172(24) -> card 172(48)
  Adding 24 copies: card 173(24) -> card 173(48)
  Adding 24 copies: card 174(24) -> card 174(48)
  Adding 24 copies: card 175(24) -> card 175(48)
  Adding 24 copies: card 176(23) -> card 176(47)
Processing card 171(48) , won: [172, 173, 174, 175, 176, 177, 178, 179, 180, 181]
Total amount of cards: 3083146
  Adding 48 copies: card 172(48) -> card 172(96)
  Adding 48 copies: card 173(48) -> card 173(96)
  Adding 48 copies: card 174(48) -> card 174(96)
  Adding 48 copies: card 175(48) -> card 175(96)
  Adding 48 copies: card 176(47) -> card 176(95)
  Adding 48 copies: card 177(21) -> card 177(69)
  Adding 48 copies: card 178(17) -> card 178(65)
  Adding 48 copies: card 179(17) -> card 179(65)
  Adding 48 copies: card 180(1) -> card 180(49)
  Adding 48 copies: card 181(1) -> card 181(49)
Processing card 172(96) , won: [173, 174, 175, 176, 177]
Total amount of cards: 3083242
  Adding 96 copies: card 173(96) -> card 173(192)
  Adding 96 copies: card 174(96) -> card 174(192)
  Adding 96 copies: card 175(96) -> card 175(192)
  Adding 96 copies: card 176(95) -> card 176(191)
  Adding 96 copies: card 177(69) -> card 177(165)
Processing card 173(192) , won: [174, 175, 176, 177]
Total amount of cards: 3083434
  Adding 192 copies: card 174(192) -> card 174(384)
  Adding 192 copies: card 175(192) -> card 175(384)
  Adding 192 copies: card 176(191) -> card 176(383)
  Adding 192 copies: card 177(165) -> card 177(357)
Processing card 174(384) , won: [175, 176, 177, 178, 179, 180, 181, 182, 183, 184]
Total amount of cards: 3083818
  Adding 384 copies: card 175(384) -> card 175(768)
  Adding 384 copies: card 176(383) -> card 176(767)
  Adding 384 copies: card 177(357) -> card 177(741)
  Adding 384 copies: card 178(65) -> card 178(449)
  Adding 384 copies: card 179(65) -> card 179(449)
  Adding 384 copies: card 180(49) -> card 180(433)
  Adding 384 copies: card 181(49) -> card 181(433)
  Adding 384 copies: card 182(1) -> card 182(385)
  Adding 384 copies: card 183(1) -> card 183(385)
  Adding 384 copies: card 184(1) -> card 184(385)
Processing card 175(768) , won: [176, 177, 178]
Total amount of cards: 3084586
  Adding 768 copies: card 176(767) -> card 176(1535)
  Adding 768 copies: card 177(741) -> card 177(1509)
  Adding 768 copies: card 178(449) -> card 178(1217)
Processing card 176(1535) , won: [177, 178, 179, 180, 181, 182]
Total amount of cards: 3086121
  Adding 1535 copies: card 177(1509) -> card 177(3044)
  Adding 1535 copies: card 178(1217) -> card 178(2752)
  Adding 1535 copies: card 179(449) -> card 179(1984)
  Adding 1535 copies: card 180(433) -> card 180(1968)
  Adding 1535 copies: card 181(433) -> card 181(1968)
  Adding 1535 copies: card 182(385) -> card 182(1920)
Processing card 177(3044) , won: [178, 179, 180]
Total amount of cards: 3089165
  Adding 3044 copies: card 178(2752) -> card 178(5796)
  Adding 3044 copies: card 179(1984) -> card 179(5028)
  Adding 3044 copies: card 180(1968) -> card 180(5012)
Processing card 178(5796) , won: [179, 180, 181, 182]
Total amount of cards: 3094961
  Adding 5796 copies: card 179(5028) -> card 179(10824)
  Adding 5796 copies: card 180(5012) -> card 180(10808)
  Adding 5796 copies: card 181(1968) -> card 181(7764)
  Adding 5796 copies: card 182(1920) -> card 182(7716)
Processing card 179(10824) , won: [180, 181, 182]
Total amount of cards: 3105785
  Adding 10824 copies: card 180(10808) -> card 180(21632)
  Adding 10824 copies: card 181(7764) -> card 181(18588)
  Adding 10824 copies: card 182(7716) -> card 182(18540)
Processing card 180(21632) , won: [181, 182, 183, 184, 185, 186]
Total amount of cards: 3127417
  Adding 21632 copies: card 181(18588) -> card 181(40220)
  Adding 21632 copies: card 182(18540) -> card 182(40172)
  Adding 21632 copies: card 183(385) -> card 183(22017)
  Adding 21632 copies: card 184(385) -> card 184(22017)
  Adding 21632 copies: card 185(1) -> card 185(21633)
  Adding 21632 copies: card 186(1) -> card 186(21633)
Processing card 181(40220) , won: [182, 183, 184, 185, 186, 187, 188]
Total amount of cards: 3167637
  Adding 40220 copies: card 182(40172) -> card 182(80392)
  Adding 40220 copies: card 183(22017) -> card 183(62237)
  Adding 40220 copies: card 184(22017) -> card 184(62237)
  Adding 40220 copies: card 185(21633) -> card 185(61853)
  Adding 40220 copies: card 186(21633) -> card 186(61853)
  Adding 40220 copies: card 187(1) -> card 187(40221)
  Adding 40220 copies: card 188(1) -> card 188(40221)
Processing card 182(80392) , won: [183, 184]
Total amount of cards: 3248029
  Adding 80392 copies: card 183(62237) -> card 183(142629)
  Adding 80392 copies: card 184(62237) -> card 184(142629)
Processing card 183(142629) , won: [184, 185, 186]
Total amount of cards: 3390658
  Adding 142629 copies: card 184(142629) -> card 184(285258)
  Adding 142629 copies: card 185(61853) -> card 185(204482)
  Adding 142629 copies: card 186(61853) -> card 186(204482)
Processing card 184(285258) , won: [185]
Total amount of cards: 3675916
  Adding 285258 copies: card 185(204482) -> card 185(489740)
Processing card 185(489740) , won: [186]
Total amount of cards: 4165656
  Adding 489740 copies: card 186(204482) -> card 186(694222)
Processing card 186(694222) , won: []
Total amount of cards: 4859878
Processing card 187(40221) , won: []
Total amount of cards: 4900099
Processing card 188(40221) , won: []
Total amount of cards: 4940320
Processing card 189(1) , won: [190, 191]
Total amount of cards: 4940321
  Adding 1 copies: card 190(1) -> card 190(2)
  Adding 1 copies: card 191(1) -> card 191(2)
Processing card 190(2) , won: [191, 192, 193, 194, 195, 196, 197, 198, 199]
Total amount of cards: 4940323
  Adding 2 copies: card 191(2) -> card 191(4)
  Adding 2 copies: card 192(1) -> card 192(3)
  Adding 2 copies: card 193(1) -> card 193(3)
  Adding 2 copies: card 194(1) -> card 194(3)
  Adding 2 copies: card 195(1) -> card 195(3)
  Adding 2 copies: card 196(1) -> card 196(3)
  Adding 2 copies: card 197(1) -> card 197(3)
  Adding 2 copies: card 198(1) -> card 198(3)
  Adding 2 copies: card 199(1) -> card 199(3)
Processing card 191(4) , won: [192, 193, 194, 195, 196, 197, 198, 199, 200, 201]
Total amount of cards: 4940327
  Adding 4 copies: card 192(3) -> card 192(7)
  Adding 4 copies: card 193(3) -> card 193(7)
  Adding 4 copies: card 194(3) -> card 194(7)
  Adding 4 copies: card 195(3) -> card 195(7)
  Adding 4 copies: card 196(3) -> card 196(7)
  Adding 4 copies: card 197(3) -> card 197(7)
  Adding 4 copies: card 198(3) -> card 198(7)
  Adding 4 copies: card 199(3) -> card 199(7)
  Adding 4 copies: card 200(1) -> card 200(5)
  Adding 4 copies: card 201(1) -> card 201(5)
Processing card 192(7) , won: [193, 194, 195, 196]
Total amount of cards: 4940334
  Adding 7 copies: card 193(7) -> card 193(14)
  Adding 7 copies: card 194(7) -> card 194(14)
  Adding 7 copies: card 195(7) -> card 195(14)
  Adding 7 copies: card 196(7) -> card 196(14)
Processing card 193(14) , won: [194, 195, 196, 197, 198]
Total amount of cards: 4940348
  Adding 14 copies: card 194(14) -> card 194(28)
  Adding 14 copies: card 195(14) -> card 195(28)
  Adding 14 copies: card 196(14) -> card 196(28)
  Adding 14 copies: card 197(7) -> card 197(21)
  Adding 14 copies: card 198(7) -> card 198(21)
Processing card 194(28) , won: [195, 196, 197, 198, 199]
Total amount of cards: 4940376
  Adding 28 copies: card 195(28) -> card 195(56)
  Adding 28 copies: card 196(28) -> card 196(56)
  Adding 28 copies: card 197(21) -> card 197(49)
  Adding 28 copies: card 198(21) -> card 198(49)
  Adding 28 copies: card 199(7) -> card 199(35)
Processing card 195(56) , won: [196, 197]
Total amount of cards: 4940432
  Adding 56 copies: card 196(56) -> card 196(112)
  Adding 56 copies: card 197(49) -> card 197(105)
Processing card 196(112) , won: [197, 198, 199, 200]
Total amount of cards: 4940544
  Adding 112 copies: card 197(105) -> card 197(217)
  Adding 112 copies: card 198(49) -> card 198(161)
  Adding 112 copies: card 199(35) -> card 199(147)
  Adding 112 copies: card 200(5) -> card 200(117)
Processing card 197(217) , won: [198, 199, 200, 201, 202, 203, 204, 205, 206, 207]
Total amount of cards: 4940761
  Adding 217 copies: card 198(161) -> card 198(378)
  Adding 217 copies: card 199(147) -> card 199(364)
  Adding 217 copies: card 200(117) -> card 200(334)
  Adding 217 copies: card 201(5) -> card 201(222)
  Adding 217 copies: card 202(1) -> card 202(218)
  Adding 217 copies: card 203(1) -> card 203(218)
  Adding 217 copies: card 204(1) -> card 204(218)
  Adding 217 copies: card 205(1) -> card 205(218)
  Adding 217 copies: card 206(1) -> card 206(218)
  Adding 217 copies: card 207(1) -> card 207(218)
Processing card 198(378) , won: [199, 200, 201, 202, 203, 204, 205, 206]
Total amount of cards: 4941139
  Adding 378 copies: card 199(364) -> card 199(742)
  Adding 378 copies: card 200(334) -> card 200(712)
  Adding 378 copies: card 201(222) -> card 201(600)
  Adding 378 copies: card 202(218) -> card 202(596)
  Adding 378 copies: card 203(218) -> card 203(596)
  Adding 378 copies: card 204(218) -> card 204(596)
  Adding 378 copies: card 205(218) -> card 205(596)
  Adding 378 copies: card 206(218) -> card 206(596)
Processing card 199(742) , won: [200, 201, 202, 203]
Total amount of cards: 4941881
  Adding 742 copies: card 200(712) -> card 200(1454)
  Adding 742 copies: card 201(600) -> card 201(1342)
  Adding 742 copies: card 202(596) -> card 202(1338)
  Adding 742 copies: card 203(596) -> card 203(1338)
Processing card 200(1454) , won: [201, 202, 203, 204, 205]
Total amount of cards: 4943335
  Adding 1454 copies: card 201(1342) -> card 201(2796)
  Adding 1454 copies: card 202(1338) -> card 202(2792)
  Adding 1454 copies: card 203(1338) -> card 203(2792)
  Adding 1454 copies: card 204(596) -> card 204(2050)
  Adding 1454 copies: card 205(596) -> card 205(2050)
Processing card 201(2796) , won: [202, 203, 204]
Total amount of cards: 4946131
  Adding 2796 copies: card 202(2792) -> card 202(5588)
  Adding 2796 copies: card 203(2792) -> card 203(5588)
  Adding 2796 copies: card 204(2050) -> card 204(4846)
Processing card 202(5588) , won: [203, 204, 205, 206, 207, 208, 209, 210]
Total amount of cards: 4951719
  Adding 5588 copies: card 203(5588) -> card 203(11176)
  Adding 5588 copies: card 204(4846) -> card 204(10434)
  Adding 5588 copies: card 205(2050) -> card 205(7638)
  Adding 5588 copies: card 206(596) -> card 206(6184)
  Adding 5588 copies: card 207(218) -> card 207(5806)
  Adding 5588 copies: card 208(1) -> card 208(5589)
  Adding 5588 copies: card 209(1) -> card 209(5589)
  Adding 5588 copies: card 210(1) -> card 210(5589)
Processing card 203(11176) , won: [204, 205, 206, 207]
Total amount of cards: 4962895
  Adding 11176 copies: card 204(10434) -> card 204(21610)
  Adding 11176 copies: card 205(7638) -> card 205(18814)
  Adding 11176 copies: card 206(6184) -> card 206(17360)
  Adding 11176 copies: card 207(5806) -> card 207(16982)
Processing card 204(21610) , won: [205]
Total amount of cards: 4984505
  Adding 21610 copies: card 205(18814) -> card 205(40424)
Processing card 205(40424) , won: [206, 207]
Total amount of cards: 5024929
  Adding 40424 copies: card 206(17360) -> card 206(57784)
  Adding 40424 copies: card 207(16982) -> card 207(57406)
Processing card 206(57784) , won: []
Total amount of cards: 5082713
Processing card 207(57406) , won: [208, 209, 210]
Total amount of cards: 5140119
  Adding 57406 copies: card 208(5589) -> card 208(62995)
  Adding 57406 copies: card 209(5589) -> card 209(62995)
  Adding 57406 copies: card 210(5589) -> card 210(62995)
Processing card 208(62995) , won: [209, 210]
Total amount of cards: 5203114
  Adding 62995 copies: card 209(62995) -> card 209(125990)
  Adding 62995 copies: card 210(62995) -> card 210(125990)
Processing card 209(125990) , won: [210]
Total amount of cards: 5329104
  Adding 125990 copies: card 210(125990) -> card 210(251980)
Processing card 210(251980) , won: [211]
Total amount of cards: 5581084
  Adding 251980 copies: card 211(1) -> card 211(251981)
Processing card 211(251981) , won: []
Total amount of cards: 5833065
Solution: (20667, 5833065, {101: 4, 74: 56, 79: 301, 130: 22, 113: 7400, 14: 1468, 27: 2, 48: 1, 89: 12, 97: 802, 104: 16, 77: 324, 18: 8768, 115: 29016, 76: 190, 125: 2, 129: 15, 134: 230, 141: 3818, 54: 64, 151: 120, 162: 77311, 163: 57597, 200: 1454, 148: 15, 36: 748, 122: 1, 39: 4297, 2: 1, 119: 372810, 172: 96, 140: 5098, 183: 142629, 6: 8, 9: 56, 19: 17536, 53: 32, 59: 1423, 166: 2, 57: 384, 32: 48, 96: 401, 45: 38001, 177: 3044, 46: 3741, 95: 260, 110: 1007, 171: 48, 182: 80392, 5: 8, 35: 376, 207: 57406, 24: 124461, 17: 4384, 21: 65340, 1: 1, 69: 8, 52: 16, 168: 8, 98: 542, 152: 240, 121: 380211, 154: 892, 208: 62995, 20: 32816, 44: 33884, 156: 2664, 193: 14, 66: 1, 81: 1, 94: 280, 106: 64, 136: 684, 147: 15, 143: 1, 159: 19474, 167: 4, 174: 384, 142: 6379, 195: 56, 201: 2796, 4: 4, 25: 124462, 105: 32, 137: 684, 184: 285258, 8: 32, 103: 8, 176: 1535, 179: 10824, 78: 316, 112: 3700, 7: 16, 108: 256, 173: 192, 41: 17080, 55: 112, 12: 368, 30: 12, 85: 12, 118: 222693, 199: 742, 60: 2844, 124: 2, 43: 25470, 70: 4, 145: 4, 202: 5588, 93: 140, 139: 2560, 132: 88, 34: 191, 100: 2, 72: 15, 67: 2, 37: 1496, 61: 5684, 58: 768, 15: 1100, 102: 4, 126: 4, 128: 8, 3: 2, 26: 1, 157: 5328, 175: 768, 146: 8, 62: 9937, 75: 110, 185: 489740, 91: 48, 47: 3742, 80: 191, 153: 465, 88: 12, 186: 694222, 22: 130680, 188: 40221, 196: 112, 198: 378, 192: 7, 205: 40424, 111: 1852, 209: 125990, 211: 251981, 92: 95, 56: 224, 33: 96, 84: 8, 23: 129580, 203: 11176, 87: 12, 107: 128, 158: 10656, 164: 109866, 169: 16, 38: 2992, 16: 2200, 68: 4, 189: 1, 194: 28, 127: 4, 133: 117, 65: 769, 71: 8, 117: 113700, 28: 4, 90: 24, 109: 504, 161: 77896, 191: 4, 149: 30, 63: 19618, 123: 1, 206: 57784, 150: 60, 210: 251980, 178: 5796, 116: 57776, 40: 8546, 10: 108, 42: 17056, 50: 4, 73: 30, 131: 44, 144: 2, 11: 184, 13: 735, 160: 38948, 86: 12, 31: 24, 135: 343, 170: 24, 181: 40220, 114: 14800, 64: 1153, 82: 2, 83: 4, 197: 217, 49: 2, 204: 21610, 29: 6, 120: 602904, 180: 21632, 190: 2, 187: 40221, 51: 8, 99: 1, 138: 1280, 165: 1, 155: 1778})
